<?xml version="1.0" encoding="UTF-8"?>
<!-- Generated by org.testng.reporters.JUnitXMLReporter -->
<testsuite hostname="Rajendra-PC" ignored="0" name="Test" tests="4" failures="0" timestamp="30 Jun 2023 11:36:29 GMT" time="7.815" errors="0">
  <testcase name="getListOfUsers" time="5.924" classname="restAssured.GetUserDetails"/>
  <testcase name="addUser" time="0.637" classname="restAssured.CreateNewUser"/>
  <testcase name="updateUserDetails" time="0.609" classname="restAssured.UpdateUser"/>
  <testcase name="delete_user" time="0.573" classname="restAssured.DeleteUser"/>
</testsuite> <!-- Test -->
