<?xml version="1.0" encoding="UTF-8"?>
<testng-results skipped="0" failed="0" ignored="0" total="1" passed="1">
  <reporter-output>
  </reporter-output>
  <suite name="Default suite" duration-ms="3990" started-at="2023-06-30T11:10:18Z" finished-at="2023-06-30T11:10:22Z">
    <groups>
    </groups>
    <test name="Default test" duration-ms="3990" started-at="2023-06-30T11:10:18Z" finished-at="2023-06-30T11:10:22Z">
      <class name="restAssured.DeleteUser">
        <test-method status="PASS" signature="test_delete()[pri:0, instance:restAssured.DeleteUser@5e5792a0]" name="test_delete" duration-ms="3955" started-at="2023-06-30T16:40:18Z" finished-at="2023-06-30T16:40:22Z">
          <reporter-output>
          </reporter-output>
        </test-method> <!-- test_delete -->
      </class> <!-- restAssured.DeleteUser -->
    </test> <!-- Default test -->
  </suite> <!-- Default suite -->
</testng-results>
